<?xml version="1.0" encoding="UTF-8"?>
<testng-results ignored="0" total="3" passed="3" failed="0" skipped="0">
  <reporter-output>
  </reporter-output>
  <suite started-at="2024-11-06T14:51:55 IST" name="Default suite" finished-at="2024-11-06T14:54:18 IST" duration-ms="142590">
    <groups>
    </groups>
    <test started-at="2024-11-06T14:51:55 IST" name="Default test" finished-at="2024-11-06T14:54:18 IST" duration-ms="142590">
      <class name="org.Document.utils.Document">
        <test-method is-config="true" signature="setUp()[pri:0, instance:org.Document.utils.Document@75d3a5e0]" started-at="2024-11-06T14:51:55 IST" name="setUp" finished-at="2024-11-06T14:51:56 IST" duration-ms="306" status="PASS">
          <reporter-output>
          </reporter-output>
        </test-method> <!-- setUp -->
        <test-method signature="runEdgeTests()[pri:1, instance:org.Document.utils.Document@75d3a5e0]" started-at="2024-11-06T14:51:56 IST" name="runEdgeTests" finished-at="2024-11-06T14:52:44 IST" duration-ms="48286" status="PASS">
          <reporter-output>
          </reporter-output>
        </test-method> <!-- runEdgeTests -->
        <test-method signature="runFirefoxTests()[pri:2, instance:org.Document.utils.Document@75d3a5e0]" started-at="2024-11-06T14:52:44 IST" name="runFirefoxTests" finished-at="2024-11-06T14:53:41 IST" duration-ms="56925" status="PASS">
          <reporter-output>
          </reporter-output>
        </test-method> <!-- runFirefoxTests -->
        <test-method signature="runChromeTests()[pri:3, instance:org.Document.utils.Document@75d3a5e0]" started-at="2024-11-06T14:53:41 IST" name="runChromeTests" finished-at="2024-11-06T14:54:18 IST" duration-ms="36693" status="PASS">
          <reporter-output>
          </reporter-output>
        </test-method> <!-- runChromeTests -->
        <test-method is-config="true" signature="tearDown()[pri:0, instance:org.Document.utils.Document@75d3a5e0]" started-at="2024-11-06T14:54:18 IST" name="tearDown" finished-at="2024-11-06T14:54:18 IST" duration-ms="341" status="PASS">
          <reporter-output>
          </reporter-output>
        </test-method> <!-- tearDown -->
      </class> <!-- org.Document.utils.Document -->
    </test> <!-- Default test -->
  </suite> <!-- Default suite -->
</testng-results>
