<?xml version="1.0" encoding="UTF-8"?>
<!-- Generated by org.testng.reporters.JUnitXMLReporter -->
<testsuite ignored="0" hostname="DESKTOP-64117D5" failures="0" tests="3" name="Default test" time="142.59" errors="0" timestamp="2024-11-06T14:54:18 IST">
  <testcase classname="org.Document.utils.Document" name="runEdgeTests" time="48.286"/>
  <testcase classname="org.Document.utils.Document" name="runFirefoxTests" time="56.925"/>
  <testcase classname="org.Document.utils.Document" name="runChromeTests" time="36.693"/>
</testsuite> <!-- Default test -->
